[LX 2025/07/30 15:46:38] Starting Chromatik version 1.1.1-TE.3.GPU-SNAPSHOT
[LX 2025/07/30 15:46:38] Running java 24.0.1 Oracle Corporation Mac OS X 15.5 aarch64
[GLX 2025/07/30 15:46:38] CLI args: --resolution 1920x1200 
WARNING: A restricted method in java.lang.System has been called
WARNING: java.lang.System::load has been called by org.lwjgl.system.Library$$Lambda/0x000000800100e568 in an unnamed module (file:/Users/sinas/workspace/LXStudio-TE/te-app/target/te-app-0.3.0-SNAPSHOT-jar-with-dependencies.jar)
WARNING: Use --enable-native-access=ALL-UNNAMED to avoid a warning for callers in this module
WARNING: Restricted methods will be blocked in a future release unless native access is enabled

WARNING: A terminally deprecated method in sun.misc.Unsafe has been called
WARNING: sun.misc.Unsafe::objectFieldOffset has been called by org.lwjgl.system.MemoryUtil (file:/Users/sinas/workspace/LXStudio-TE/te-app/target/te-app-0.3.0-SNAPSHOT-jar-with-dependencies.jar)
WARNING: Please consider reporting this to the maintainers of class org.lwjgl.system.MemoryUtil
WARNING: sun.misc.Unsafe::objectFieldOffset will be removed in a future release
[GLX 2025/07/30 15:46:39] GLXWindow monitorWorkarea: size(1728x1079), pos(x:0,y:38)
[GLX 2025/07/30 15:46:39] GLXWindow createWindow: 1635x1000
[GLX 2025/07/30 15:46:39] GLXWindow systemContentScale: 2.0x2.0
[GLX 2025/07/30 15:46:39] GLXWindow windowSize: 1511x1000
[GLX 2025/07/30 15:46:39] GLXWindow framebufferSize: 3022x2000
[GLX 2025/07/30 15:46:39] GLXWindow uiSize: 1511.0x1000.0
[GLX 2025/07/30 15:46:39] GLXWindow cursorScale: 1.0x1.0
[GLX 2025/07/30 15:46:39] GLXWindow.main() awaiting GLX boostrap...
[LX 2025/07/30 15:46:40] [AudioStems] AudioStemsPlugin(LX) version: 0.3.0-SNAPSHOT
[GLX 2025/07/30 15:46:40] TEApp.Plugin(LX)
[LX 2025/07/30 15:46:42] GLEngine: Rendering canvas size: 1920x1200 = 2304000 total points
[LX 2025/07/30 15:46:42] Loading user presets: ./Presets/UserPresets/BM24.userPresets
[LX 2025/07/30 15:46:42] [SuperMod] SuperMod Plugin version 0.1.5-SNAPSHOT
[LX 2025/07/30 15:46:42] [OscRemapper] OscRemapperPlugin(LX) constructor called - version: 1.0.0-SNAPSHOT
[GLX 2025/07/30 15:46:42] TEApp.Plugin.initialize()
[LX 2025/07/30 15:46:42] [OscRemapper] OscRemapperPlugin.registerComponents() called - registering modulators
[LX 2025/07/30 15:46:42] [OscRemapper] OscRemapperPlugin.registerComponents() completed
[LX 2025/07/30 15:46:42] Creating Shader class: titanicsend.pattern.glengine.StarField1 for starfield1.fs
[LX 2025/07/30 15:46:42] Creating Shader class: titanicsend.pattern.glengine.Circuitry for circuitry.fs
[LX 2025/07/30 15:46:42] Creating Shader class: titanicsend.pattern.glengine.GummyWeave for gummy_weave.fs
[LX 2025/07/30 15:46:42] Creating Shader class: titanicsend.pattern.glengine.Colortest for colortest.fs
[LX 2025/07/30 15:46:42] Creating Shader class: titanicsend.pattern.glengine.PolySpiral for polyspiral.fs
[LX 2025/07/30 15:46:42] Creating Shader class: titanicsend.pattern.glengine.GummyWorms for gummy_worms.fs
[LX 2025/07/30 15:46:42] Creating Shader class: titanicsend.pattern.glengine.Waterfall for waterfall.fs
[LX 2025/07/30 15:46:42] Creating Shader class: titanicsend.pattern.glengine.PolySpiral2 for polyspiral2.fs
[LX 2025/07/30 15:46:42] Creating Shader class: titanicsend.pattern.glengine.NeonMess for neonmess.fs
[LX 2025/07/30 15:46:42] Creating Shader class: titanicsend.pattern.glengine.CandyFlip for candy_flip.fs
[LX 2025/07/30 15:46:42] Creating Shader class: titanicsend.pattern.glengine.FaceMelt for face_melt.fs
[LX 2025/07/30 15:46:42] Creating Shader class: titanicsend.pattern.glengine.triangle_cross_waveform for triangle_cross_waveform.fs
[LX 2025/07/30 15:46:42] Creating Shader class: titanicsend.pattern.glengine.GummyFireflies2 for gummy_fireflies2.fs
[LX 2025/07/30 15:46:42] Creating Shader class: titanicsend.pattern.glengine.StemTriangleInfinity for triangle_infinity_mod_stems.fs
[LX 2025/07/30 15:46:42] Creating Shader class: titanicsend.pattern.glengine.TechnoChurch for techno_church.fs
[LX 2025/07/30 15:46:42] Creating Shader class: titanicsend.pattern.glengine.ArtOfCode for artofcode.fs
[LX 2025/07/30 15:46:42] Creating Shader class: titanicsend.pattern.glengine.StarField2 for starfield2.fs
[LX 2025/07/30 15:46:42] Creating Shader class: titanicsend.pattern.glengine.GummyNoise for gummy_noise.fs
[LX 2025/07/30 15:46:42] Creating Shader class: titanicsend.pattern.glengine.HappyChibi for happy_chibi.fs
[LX 2025/07/30 15:46:42] [OscRemapper] OscRemapperPlugin.initialize() called
[LX 2025/07/30 15:46:42] Attaching the OSC message listener to port 42069 ...
java.net.BindException: Address already in use
	at java.base/sun.nio.ch.Net.bind0(Native Method)
	at java.base/sun.nio.ch.Net.bind(Net.java:511)
	at java.base/sun.nio.ch.DatagramChannelImpl.bindInternal(DatagramChannelImpl.java:1241)
	at java.base/sun.nio.ch.DatagramChannelImpl.bind(DatagramChannelImpl.java:1215)
	at java.base/sun.nio.ch.DatagramSocketAdaptor.bind(DatagramSocketAdaptor.java:105)
	at java.base/java.net.DatagramSocket.createDelegate(DatagramSocket.java:1311)
	at java.base/java.net.DatagramSocket.<init>(DatagramSocket.java:310)
	at java.base/java.net.DatagramSocket.<init>(DatagramSocket.java:349)
	at java.base/java.net.DatagramSocket.<init>(DatagramSocket.java:325)
	at heronarts.lx.osc.LXOscEngine$Receiver.<init>(LXOscEngine.java:646)
	at heronarts.lx.osc.LXOscEngine.receiver(LXOscEngine.java:949)
	at heronarts.lx.osc.LXOscEngine.receiver(LXOscEngine.java:945)
	at heronarts.lx.studio.TEApp$Plugin.initialize(TEApp.java:527)
	at heronarts.lx.LXRegistry$Plugin.initialize(LXRegistry.java:474)
	at heronarts.lx.LXRegistry.initializePlugins(LXRegistry.java:1451)
	at heronarts.lx.LX.<init>(LX.java:517)
	at heronarts.glx.GLX.<init>(GLX.java:143)
	at heronarts.lx.studio.LXStudio.<init>(LXStudio.java:160)
	at heronarts.lx.studio.LXStudio.<init>(LXStudio.java:156)
	at heronarts.lx.studio.TEApp.<init>(TEApp.java:980)
	at heronarts.lx.studio.TEApp.applicationThread(TEApp.java:1133)
	at heronarts.lx.studio.TEApp.lambda$main$0(TEApp.java:1113)
	at java.base/java.lang.Thread.run(Thread.java:1447)
[LX 2025/07/30 15:46:42] DevSwitch setting state to DEVELOPER...
[LX 2025/07/30 15:46:42] [OSC] Failed to start OSC receiver: Address already in use
[LX 2025/07/30 15:46:42] [ArtNet] Could not create Art-Net listener socket: Address already in use
java.net.BindException: Address already in use
	at java.base/sun.nio.ch.Net.bind0(Native Method)
	at java.base/sun.nio.ch.Net.bind(Net.java:511)
	at java.base/sun.nio.ch.DatagramChannelImpl.bindInternal(DatagramChannelImpl.java:1241)
	at java.base/sun.nio.ch.DatagramChannelImpl.bind(DatagramChannelImpl.java:1215)
	at java.base/sun.nio.ch.DatagramSocketAdaptor.bind(DatagramSocketAdaptor.java:105)
	at java.base/java.net.DatagramSocket.createDelegate(DatagramSocket.java:1311)
	at java.base/java.net.DatagramSocket.<init>(DatagramSocket.java:310)
	at java.base/java.net.DatagramSocket.<init>(DatagramSocket.java:349)
	at heronarts.lx.dmx.LXDmxEngine.startReceiver(LXDmxEngine.java:162)
	at heronarts.lx.dmx.LXDmxEngine.onParameterChanged(LXDmxEngine.java:131)
	at heronarts.lx.parameter.LXListenableParameter.lambda$setValue$0(LXListenableParameter.java:224)
	at java.base/java.util.ArrayList.forEach(ArrayList.java:1604)
	at heronarts.lx.parameter.LXListenableParameter.setValue(LXListenableParameter.java:224)
	at heronarts.lx.parameter.LXListenableParameter.setValue(LXListenableParameter.java:208)
	at heronarts.lx.parameter.BooleanParameter.setValue(BooleanParameter.java:70)
	at titanicsend.app.dev.DevSwitch.setStateDev(DevSwitch.java:420)
	at titanicsend.app.dev.DevSwitch.setState(DevSwitch.java:332)
	at titanicsend.app.dev.DevSwitch.load(DevSwitch.java:618)
	at titanicsend.app.dev.DevSwitch.load(DevSwitch.java:650)
	at titanicsend.app.dev.DevSwitch.<init>(DevSwitch.java:229)
	at heronarts.lx.studio.TEApp$Plugin.initialize(TEApp.java:545)
	at heronarts.lx.LXRegistry$Plugin.initialize(LXRegistry.java:474)
	at heronarts.lx.LXRegistry.initializePlugins(LXRegistry.java:1451)
	at heronarts.lx.LX.<init>(LX.java:517)
	at heronarts.glx.GLX.<init>(GLX.java:143)
	at heronarts.lx.studio.LXStudio.<init>(LXStudio.java:160)
	at heronarts.lx.studio.LXStudio.<init>(LXStudio.java:156)
	at heronarts.lx.studio.TEApp.<init>(TEApp.java:980)
	at heronarts.lx.studio.TEApp.applicationThread(TEApp.java:1133)
	at heronarts.lx.studio.TEApp.lambda$main$0(TEApp.java:1113)
	at java.base/java.lang.Thread.run(Thread.java:1447)
[LX 2025/07/30 15:46:44] Started audio input thread: Default Audio Device
[GLX 2025/07/30 15:46:44] BGFX renderer: Metal
[GLX 2025/07/30 15:46:44] TEApp.Plugin.initializeUI()
[LX 2025/07/30 15:46:44] [OscRemapper] OscRemapperPlugin.initializeUI() called
[GLX 2025/07/30 15:46:44] TEApp.Plugin.onUIReady()
[LX 2025/07/30 15:46:46] Gamepad mappings updated successfully.
[LX 2025/07/30 15:46:46] [OscRemapper] OscRemapperPlugin.onUIReady() called - adding UI to leftPane.content
[GLX 2025/07/30 15:46:46] Starting LX Engine...
[LX 2025/07/30 15:46:46] LXEngine.ExecutorService starting...
[GLX 2025/07/30 15:46:46] Running main BGFX loop...
[GLX 2025/07/30 15:46:46] GLX boostrap complete, GLXWindow running event loop...
[LX 2025/07/30 15:46:46] Opening project file: ./Projects/playalchemist_bm_2025.lxp
[LX 2025/07/30 15:46:46] DevSwitch detected potential file change, remembering state DEVELOPER
Loaded sketches: 200
Loaded sketches: 200
Loaded sketches: 200
Loaded sketches: 200
Loaded sketches: 200
Loaded sketches: 200
Loaded sketches: 200
Loaded sketches: 200
Loaded sketches: 200
Loaded sketches: 200
[LX 2025/07/30 15:46:49] Pattern loaded, ready:xorcery.js
[LX 2025/07/30 15:46:49] Pattern loaded, ready:xorcery.js
[LX 2025/07/30 15:46:50] Failed to load EnumParameter at path paletteStrategy by name: "GOLDEN_RATIO_CONJUGATE"
java.lang.IllegalArgumentException: titanicsend.color.PaletteStrategy$1 is not an enum class
	at java.base/java.lang.Class.enumConstantDirectory(Class.java:3496)
	at java.base/java.lang.Enum.valueOf(Enum.java:287)
	at heronarts.lx.parameter.EnumParameter.setEnum(EnumParameter.java:41)
	at heronarts.lx.parameter.EnumParameter.setEnum(EnumParameter.java:21)
	at heronarts.lx.LXSerializable$Utils.loadParameter(LXSerializable.java:174)
	at heronarts.lx.LXComponent.loadParameters(LXComponent.java:1486)
	at heronarts.lx.LXComponent.load(LXComponent.java:1529)
	at heronarts.lx.LXComponent.load(LXComponent.java:1537)
	at heronarts.lx.LXEngine.load(LXEngine.java:1440)
	at heronarts.lx.LX._openProject(LX.java:1215)
	at heronarts.lx.LX.openProject(LX.java:1194)
	at heronarts.lx.LX.openProject(LX.java:1129)
	at heronarts.lx.LXPreferences.loadInitialProject(LXPreferences.java:378)
	at heronarts.lx.LXPreferences.loadInitialProject(LXPreferences.java:344)
	at heronarts.lx.studio.TEApp.lambda$applicationThread$0(TEApp.java:1146)
	at heronarts.lx.LXEngine._run(LXEngine.java:1120)
	at heronarts.lx.LXEngine.run(LXEngine.java:1017)
	at heronarts.lx.LXEngine$ExecutorService.runLoop(LXEngine.java:682)
	at java.base/java.util.concurrent.Executors$RunnableAdapter.call(Executors.java:545)
	at java.base/java.util.concurrent.FutureTask.runAndReset(FutureTask.java:369)
	at java.base/java.util.concurrent.ScheduledThreadPoolExecutor$ScheduledFutureTask.run(ScheduledThreadPoolExecutor.java:310)
	at java.base/java.util.concurrent.ThreadPoolExecutor.runWorker(ThreadPoolExecutor.java:1095)
	at java.base/java.util.concurrent.ThreadPoolExecutor$Worker.run(ThreadPoolExecutor.java:619)
	at java.base/java.lang.Thread.run(Thread.java:1447)
[LX 2025/07/30 15:46:50] Autopilot detected completion of openProject(), defensive positions have been taken (or is first file open)...
[LX 2025/07/30 15:46:50] DevSwitch restoring the state DEVELOPER
[LX 2025/07/30 15:46:50] DevSwitch setting state to DEVELOPER...
[LX 2025/07/30 15:46:50] Project loaded successfully from ./Projects/playalchemist_bm_2025.lxp
[LX 2025/07/30 15:46:50] NDI: Initializing sender 'TitanicsEnd' with resolution 1280x780
[LX 2025/07/30 15:46:50] NDI: Successfully initialized sender 'TitanicsEnd'
[GLX 2025/07/30 15:46:52] GLXWindow closed, shutting down...
[GLX 2025/07/30 15:46:52] Stopping LX engine...
[LX 2025/07/30 15:46:52] LXEngine.ExecutorService has finished.
[GLX 2025/07/30 15:46:52] Disposing GLX...
[GLX 2025/07/30 15:46:52] Disposing GLX.UI...
[GLX 2025/07/30 15:46:53] GLX.UI disposed.
[GLX 2025/07/30 15:46:53] TEApp.Plugin.dispose()
[LX 2025/07/30 15:46:53] [SuperMod] SuperMod.dispose()
[LX 2025/07/30 15:46:53] Finished audio input thread: Default Audio Device
[LX 2025/07/30 15:46:53] [MIDI] LXMidiEngine Device Update Thread finished.
[GLX 2025/07/30 15:46:53] GLX disposed.
[GLX 2025/07/30 15:46:53] Disposing BGFXEngine...
[GLX 2025/07/30 15:46:53] BGFX Render Thread finished.
[GLX 2025/07/30 15:46:53] Destroying main thread GLFW window...
[GLX 2025/07/30 15:46:53] Done with main thread, GLX shutdown complete. Thanks for playing. <3
